02.05.2024 - 22:47:55 - get_images - INFO - Порядковый номер изображения: 1
02.05.2024 - 22:47:55 - get_images - INFO - URL: https://topwar.ru/uploads/posts/2023-10/08-orion-altius-ohotnik.jpg
02.05.2024 - 22:47:55 - get_images - INFO - Число модификаций (аугментация): 12
02.05.2024 - 22:47:55 - get_images - INFO - Результирующее число изображений в наборе: 13
02.05.2024 - 22:47:55 - get_images - INFO - --------------------------------------------------------------------
02.05.2024 - 22:48:11 - get_images - INFO - Порядковый номер изображения: 2
02.05.2024 - 22:48:11 - get_images - INFO - URL: https://ru.sensefarming.com/wp-content/uploads/2019/12/ndvi_blog2-min-1170x700.jpg
02.05.2024 - 22:48:11 - get_images - INFO - Число модификаций (аугментация): 12
02.05.2024 - 22:48:11 - get_images - INFO - Результирующее число изображений в наборе: 26
02.05.2024 - 22:48:11 - get_images - INFO - --------------------------------------------------------------------
02.05.2024 - 22:48:24 - get_images - INFO - Порядковый номер изображения: 3
02.05.2024 - 22:48:24 - get_images - INFO - URL: https://www.ferra.ru/imgs/2023/05/18/11/5910527/89dc31358b5a96d60531a03b638701f7068224bf.jpg
02.05.2024 - 22:48:24 - get_images - INFO - Число модификаций (аугментация): 12
02.05.2024 - 22:48:24 - get_images - INFO - Результирующее число изображений в наборе: 39
02.05.2024 - 22:48:24 - get_images - INFO - --------------------------------------------------------------------
02.05.2024 - 22:48:42 - get_images - INFO - Порядковый номер изображения: 4
02.05.2024 - 22:48:42 - get_images - INFO - URL: https://www.ixbt.com/img/n1/news/2021/1/4/1_0_large.jpg
02.05.2024 - 22:48:42 - get_images - INFO - Число модификаций (аугментация): 12
02.05.2024 - 22:48:42 - get_images - INFO - Результирующее число изображений в наборе: 52
02.05.2024 - 22:48:42 - get_images - INFO - --------------------------------------------------------------------
02.05.2024 - 22:48:55 - get_images - INFO - Порядковый номер изображения: 5
02.05.2024 - 22:48:55 - get_images - INFO - URL: https://ir.ozone.ru/s3/multimedia-g/c1000/6156327532.jpg
02.05.2024 - 22:48:55 - get_images - INFO - Число модификаций (аугментация): 12
02.05.2024 - 22:48:55 - get_images - INFO - Результирующее число изображений в наборе: 65
02.05.2024 - 22:48:55 - get_images - INFO - --------------------------------------------------------------------
02.05.2024 - 22:49:00 - get_images - INFO - Порядковый номер изображения: 6
02.05.2024 - 22:49:00 - get_images - INFO - URL: https://s0.rbk.ru/v6_top_pics/media/img/3/14/346938196506143.jpeg
02.05.2024 - 22:49:00 - get_images - INFO - Число модификаций (аугментация): 12
02.05.2024 - 22:49:00 - get_images - INFO - Результирующее число изображений в наборе: 78
02.05.2024 - 22:49:00 - get_images - INFO - --------------------------------------------------------------------
02.05.2024 - 22:49:03 - get_images - INFO - Порядковый номер изображения: 7
02.05.2024 - 22:49:03 - get_images - INFO - URL: https://static.tildacdn.com/tild3531-3532-4165-b631-396666653133/Screenshot_7.png
02.05.2024 - 22:49:03 - get_images - INFO - Число модификаций (аугментация): 12
02.05.2024 - 22:49:03 - get_images - INFO - Результирующее число изображений в наборе: 91
02.05.2024 - 22:49:03 - get_images - INFO - --------------------------------------------------------------------
02.05.2024 - 22:49:25 - get_images - INFO - Порядковый номер изображения: 8
02.05.2024 - 22:49:25 - get_images - INFO - URL: https://incrussia.ru/upload/iblock/8e9/8e99ee32fb0e2c601f54a453b239f42c.jpg
02.05.2024 - 22:49:25 - get_images - INFO - Число модификаций (аугментация): 12
02.05.2024 - 22:49:25 - get_images - INFO - Результирующее число изображений в наборе: 104
02.05.2024 - 22:49:25 - get_images - INFO - --------------------------------------------------------------------
02.05.2024 - 22:50:37 - get_images - INFO - Порядковый номер изображения: 1
02.05.2024 - 22:50:37 - get_images - INFO - URL: https://drone.kz/upload/resize_cache/webp/iblock/48c/fgzvd6aouo6gcbyz21pmeijus15ccqrx/Snaaimok.webp
02.05.2024 - 22:50:37 - get_images - INFO - Число модификаций (аугментация): 0
02.05.2024 - 22:50:37 - get_images - INFO - Результирующее число изображений в наборе: 1
02.05.2024 - 22:50:37 - get_images - INFO - --------------------------------------------------------------------
02.05.2024 - 22:50:41 - get_images - INFO - Порядковый номер изображения: 2
02.05.2024 - 22:50:41 - get_images - INFO - URL: https://storage.piter.com/upload/sg/9785446121793/F/8.jpg
02.05.2024 - 22:50:41 - get_images - INFO - Число модификаций (аугментация): 0
02.05.2024 - 22:50:41 - get_images - INFO - Результирующее число изображений в наборе: 2
02.05.2024 - 22:50:41 - get_images - INFO - --------------------------------------------------------------------
02.05.2024 - 22:51:05 - get_images - INFO - Порядковый номер изображения: 3
02.05.2024 - 22:51:05 - get_images - INFO - URL: https://cdnn21.img.ria.ru/images/156210/09/1562100982_0:66:701:460_1920x0_80_0_0_4875ce908b548a6745b117cd8f63ed6d.jpg
02.05.2024 - 22:51:05 - get_images - INFO - Число модификаций (аугментация): 0
02.05.2024 - 22:51:05 - get_images - INFO - Результирующее число изображений в наборе: 3
02.05.2024 - 22:51:05 - get_images - INFO - --------------------------------------------------------------------
02.05.2024 - 22:51:10 - get_images - INFO - Порядковый номер изображения: 4
02.05.2024 - 22:51:10 - get_images - INFO - URL: https://image.made-in-china.com/44f3j00rZKqocEFlwkY/%D0%A3%D1%81%D0%BE%D0%B2%D0%B5%D1%80%D1%88%D0%B5%D0%BD%D1%81%D1%82%D0%B2%D0%BE%D0%B2%D0%B0%D0%BD%D0%BD%D0%B0%D1%8F+%D1%81%D0%B8%D1%81%D1%82%D0%B5%D0%BC%D0%B0+%D0%BE%D0%B1%D0%BD%D0%B0%D1%80%D1%83%D0%B6%D0%B5%D0%BD%D0%B8%D1%8F+%D0%B1%D0%B5%D1%81%D0%BF%D0%B8%D0%BB%D0%BE%D1%82%D0%BD%D1%8B%D1%85+%D0%BB%D0%B5%D1%82%D0%B0%D1%82%D0%B5%D0%BB%D1%8C%D0%BD%D1%8B%D1%85+%D0%B0%D0%BF%D0%BF%D0%B0%D1%80%D0%B0%D1%82%D0%BE%D0%B2.webp
02.05.2024 - 22:51:10 - get_images - INFO - Число модификаций (аугментация): 0
02.05.2024 - 22:51:10 - get_images - INFO - Результирующее число изображений в наборе: 4
02.05.2024 - 22:51:10 - get_images - INFO - --------------------------------------------------------------------
02.05.2024 - 22:51:22 - get_images - INFO - Порядковый номер изображения: 5
02.05.2024 - 22:51:22 - get_images - INFO - URL: https://main-cdn.sbermegamarket.ru/big2/hlr-system/-42/549/219/512/114/1/100023087209b3.jpg
02.05.2024 - 22:51:22 - get_images - INFO - Число модификаций (аугментация): 0
02.05.2024 - 22:51:22 - get_images - INFO - Результирующее число изображений в наборе: 5
02.05.2024 - 22:51:22 - get_images - INFO - --------------------------------------------------------------------
02.05.2024 - 22:51:32 - get_images - INFO - Порядковый номер изображения: 6
02.05.2024 - 22:51:32 - get_images - INFO - URL: https://img.aeroexpo.com.ru/images_ar/photo-g/181321-18404156.jpg
02.05.2024 - 22:51:32 - get_images - INFO - Число модификаций (аугментация): 0
02.05.2024 - 22:51:32 - get_images - INFO - Результирующее число изображений в наборе: 6
02.05.2024 - 22:51:32 - get_images - INFO - --------------------------------------------------------------------
02.05.2024 - 22:51:38 - get_images - INFO - Порядковый номер изображения: 7
02.05.2024 - 22:51:38 - get_images - INFO - URL: https://ae04.alicdn.com/kf/S3bff50876a0e48d6af86cc0cadc9f5e7s.jpg
02.05.2024 - 22:51:38 - get_images - INFO - Число модификаций (аугментация): 0
02.05.2024 - 22:51:38 - get_images - INFO - Результирующее число изображений в наборе: 7
02.05.2024 - 22:51:38 - get_images - INFO - --------------------------------------------------------------------
